This is pdfTeX, Version 3.1415926-2.5-1.40.14 (MiKTeX 2.9) (preloaded format=pdflatex 2015.5.29)  6 JUN 2017 16:57
entering extended mode
**C:/Users/user/Dropbox/Projects/Trader*Anonymity/Drafts/Draft_20170419/Draft_2
0170419.tex

("C:/Users/user/Dropbox/Projects/Trader Anonymity/Drafts/Draft_20170419/Draft_2
0170419.tex"
LaTeX2e <2011/06/27>
Babel <v3.8m> and hyphenation patterns for english, afrikaans, ancientgreek, ar
abic, armenian, assamese, basque, bengali, bokmal, bulgarian, catalan, coptic, 
croatian, czech, danish, dutch, esperanto, estonian, farsi, finnish, french, ga
lician, german, german-x-2013-05-26, greek, gujarati, hindi, hungarian, iceland
ic, indonesian, interlingua, irish, italian, kannada, kurmanji, latin, latvian,
 lithuanian, malayalam, marathi, mongolian, mongolianlmc, monogreek, ngerman, n
german-x-2013-05-26, nynorsk, oriya, panjabi, pinyin, polish, portuguese, roman
ian, russian, sanskrit, serbian, slovak, slovenian, spanish, swedish, swissgerm
an, tamil, telugu, turkish, turkmen, ukenglish, ukrainian, uppersorbian, usengl
ishmax, welsh, loaded.
("C:\Program Files (x86)\MiKTeX 2.9\tex\latex\base\article.cls"
Document Class: article 2007/10/19 v1.4h Standard LaTeX document class
("C:\Program Files (x86)\MiKTeX 2.9\tex\latex\base\size10.clo"
File: size10.clo 2007/10/19 v1.4h Standard LaTeX file (size option)
)
\c@part=\count79
\c@section=\count80
\c@subsection=\count81
\c@subsubsection=\count82
\c@paragraph=\count83
\c@subparagraph=\count84
\c@figure=\count85
\c@table=\count86
\abovecaptionskip=\skip41
\belowcaptionskip=\skip42
\bibindent=\dimen102
)
("C:\Program Files (x86)\MiKTeX 2.9\tex\latex\geometry\geometry.sty"
Package: geometry 2010/09/12 v5.6 Page Geometry

("C:\Program Files (x86)\MiKTeX 2.9\tex\latex\graphics\keyval.sty"
Package: keyval 1999/03/16 v1.13 key=value parser (DPC)
\KV@toks@=\toks14
)
("C:\Program Files (x86)\MiKTeX 2.9\tex\generic\oberdiek\ifpdf.sty"
Package: ifpdf 2011/01/30 v2.3 Provides the ifpdf switch (HO)
Package ifpdf Info: pdfTeX in PDF mode is detected.
)
("C:\Program Files (x86)\MiKTeX 2.9\tex\generic\oberdiek\ifvtex.sty"
Package: ifvtex 2010/03/01 v1.5 Detect VTeX and its facilities (HO)
Package ifvtex Info: VTeX not detected.
)
("C:\Program Files (x86)\MiKTeX 2.9\tex\generic\ifxetex\ifxetex.sty"
Package: ifxetex 2010/09/12 v0.6 Provides ifxetex conditional
)
\Gm@cnth=\count87
\Gm@cntv=\count88
\c@Gm@tempcnt=\count89
\Gm@bindingoffset=\dimen103
\Gm@wd@mp=\dimen104
\Gm@odd@mp=\dimen105
\Gm@even@mp=\dimen106
\Gm@layoutwidth=\dimen107
\Gm@layoutheight=\dimen108
\Gm@layouthoffset=\dimen109
\Gm@layoutvoffset=\dimen110
\Gm@dimlist=\toks15

("C:\Program Files (x86)\MiKTeX 2.9\tex\latex\geometry\geometry.cfg"))
("C:\Program Files (x86)\MiKTeX 2.9\tex\latex\graphics\graphicx.sty"
Package: graphicx 1999/02/16 v1.0f Enhanced LaTeX Graphics (DPC,SPQR)

("C:\Program Files (x86)\MiKTeX 2.9\tex\latex\graphics\graphics.sty"
Package: graphics 2009/02/05 v1.0o Standard LaTeX Graphics (DPC,SPQR)

("C:\Program Files (x86)\MiKTeX 2.9\tex\latex\graphics\trig.sty"
Package: trig 1999/03/16 v1.09 sin cos tan (DPC)
)
("C:\Program Files (x86)\MiKTeX 2.9\tex\latex\00miktex\graphics.cfg"
File: graphics.cfg 2007/01/18 v1.5 graphics configuration of teTeX/TeXLive
)
Package graphics Info: Driver file: pdftex.def on input line 91.

("C:\Program Files (x86)\MiKTeX 2.9\tex\latex\pdftex-def\pdftex.def"
File: pdftex.def 2011/05/27 v0.06d Graphics/color for pdfTeX

("C:\Program Files (x86)\MiKTeX 2.9\tex\generic\oberdiek\infwarerr.sty"
Package: infwarerr 2010/04/08 v1.3 Providing info/warning/error messages (HO)
)
("C:\Program Files (x86)\MiKTeX 2.9\tex\generic\oberdiek\ltxcmds.sty"
Package: ltxcmds 2011/11/09 v1.22 LaTeX kernel commands for general use (HO)
)
\Gread@gobject=\count90
))
\Gin@req@height=\dimen111
\Gin@req@width=\dimen112
)
("C:\Program Files (x86)\MiKTeX 2.9\tex\latex\tools\array.sty"
Package: array 2008/09/09 v2.4c Tabular extension package (FMi)
\col@sep=\dimen113
\extrarowheight=\dimen114
\NC@list=\toks16
\extratabsurround=\skip43
\backup@length=\skip44
)
("C:\Program Files (x86)\MiKTeX 2.9\tex\latex\caption\caption.sty"
Package: caption 2013/05/02 v3.3-89 Customizing captions (AR)

("C:\Program Files (x86)\MiKTeX 2.9\tex\latex\caption\caption3.sty"
Package: caption3 2013/05/02 v1.6-88 caption3 kernel (AR)
Package caption3 Info: TeX engine: e-TeX on input line 57.
\captionmargin=\dimen115
\captionmargin@=\dimen116
\captionwidth=\dimen117
\caption@tempdima=\dimen118
\caption@indent=\dimen119
\caption@parindent=\dimen120
\caption@hangindent=\dimen121
)
\c@ContinuedFloat=\count91
)
("C:\Program Files (x86)\MiKTeX 2.9\tex\latex\amsmath\amsmath.sty"
Package: amsmath 2013/01/14 v2.14 AMS math features
\@mathmargin=\skip45

For additional information on amsmath, use the `?' option.
("C:\Program Files (x86)\MiKTeX 2.9\tex\latex\amsmath\amstext.sty"
Package: amstext 2000/06/29 v2.01

("C:\Program Files (x86)\MiKTeX 2.9\tex\latex\amsmath\amsgen.sty"
File: amsgen.sty 1999/11/30 v2.0
\@emptytoks=\toks17
\ex@=\dimen122
))
("C:\Program Files (x86)\MiKTeX 2.9\tex\latex\amsmath\amsbsy.sty"
Package: amsbsy 1999/11/29 v1.2d
\pmbraise@=\dimen123
)
("C:\Program Files (x86)\MiKTeX 2.9\tex\latex\amsmath\amsopn.sty"
Package: amsopn 1999/12/14 v2.01 operator names
)
\inf@bad=\count92
LaTeX Info: Redefining \frac on input line 210.
\uproot@=\count93
\leftroot@=\count94
LaTeX Info: Redefining \overline on input line 306.
\classnum@=\count95
\DOTSCASE@=\count96
LaTeX Info: Redefining \ldots on input line 378.
LaTeX Info: Redefining \dots on input line 381.
LaTeX Info: Redefining \cdots on input line 466.
\Mathstrutbox@=\box26
\strutbox@=\box27
\big@size=\dimen124
LaTeX Font Info:    Redeclaring font encoding OML on input line 566.
LaTeX Font Info:    Redeclaring font encoding OMS on input line 567.
\macc@depth=\count97
\c@MaxMatrixCols=\count98
\dotsspace@=\muskip10
\c@parentequation=\count99
\dspbrk@lvl=\count100
\tag@help=\toks18
\row@=\count101
\column@=\count102
\maxfields@=\count103
\andhelp@=\toks19
\eqnshift@=\dimen125
\alignsep@=\dimen126
\tagshift@=\dimen127
\tagwidth@=\dimen128
\totwidth@=\dimen129
\lineht@=\dimen130
\@envbody=\toks20
\multlinegap=\skip46
\multlinetaggap=\skip47
\mathdisplay@stack=\toks21
LaTeX Info: Redefining \[ on input line 2665.
LaTeX Info: Redefining \] on input line 2666.
)
("C:\Program Files (x86)\MiKTeX 2.9\tex\latex\pgf\frontendlayer\tikz.sty"
("C:\Program Files (x86)\MiKTeX 2.9\tex\latex\pgf\basiclayer\pgf.sty"
("C:\Program Files (x86)\MiKTeX 2.9\tex\latex\pgf\utilities\pgfrcs.sty"
("C:\Program Files (x86)\MiKTeX 2.9\tex\generic\pgf\utilities\pgfutil-common.te
x"
\pgfutil@everybye=\toks22
\pgfutil@tempdima=\dimen131
\pgfutil@tempdimb=\dimen132

("C:\Program Files (x86)\MiKTeX 2.9\tex\generic\pgf\utilities\pgfutil-common-li
sts.tex"))
("C:\Program Files (x86)\MiKTeX 2.9\tex\generic\pgf\utilities\pgfutil-latex.def
"
\pgfutil@abb=\box28
 ("C:\Program Files (x86)\MiKTeX 2.9\tex\latex\ms\everyshi.sty"
Package: everyshi 2001/05/15 v3.00 EveryShipout Package (MS)
))
("C:\Program Files (x86)\MiKTeX 2.9\tex\generic\pgf\utilities\pgfrcs.code.tex"
Package: pgfrcs 2013/12/20 v3.0.0 (rcs-revision 1.28)
))
Package: pgf 2013/12/18 v3.0.0 (rcs-revision 1.14)
 ("C:\Program Files (x86)\MiKTeX 2.9\tex\latex\pgf\basiclayer\pgfcore.sty"
("C:\Program Files (x86)\MiKTeX 2.9\tex\latex\pgf\systemlayer\pgfsys.sty"
("C:\Program Files (x86)\MiKTeX 2.9\tex\generic\pgf\systemlayer\pgfsys.code.tex
"
Package: pgfsys 2013/11/30 v3.0.0 (rcs-revision 1.47)
 ("C:\Program Files (x86)\MiKTeX 2.9\tex\generic\pgf\utilities\pgfkeys.code.tex
"
\pgfkeys@pathtoks=\toks23
\pgfkeys@temptoks=\toks24

("C:\Program Files (x86)\MiKTeX 2.9\tex\generic\pgf\utilities\pgfkeysfiltered.c
ode.tex"
\pgfkeys@tmptoks=\toks25
))
\pgf@x=\dimen133
\pgf@y=\dimen134
\pgf@xa=\dimen135
\pgf@ya=\dimen136
\pgf@xb=\dimen137
\pgf@yb=\dimen138
\pgf@xc=\dimen139
\pgf@yc=\dimen140
\w@pgf@writea=\write3
\r@pgf@reada=\read1
\c@pgf@counta=\count104
\c@pgf@countb=\count105
\c@pgf@countc=\count106
\c@pgf@countd=\count107
\t@pgf@toka=\toks26
\t@pgf@tokb=\toks27
\t@pgf@tokc=\toks28

("C:\Program Files (x86)\MiKTeX 2.9\tex\generic\pgf\systemlayer\pgf.cfg"
File: pgf.cfg 2008/05/14  (rcs-revision 1.7)
)
Driver file for pgf: pgfsys-pdftex.def

("C:\Program Files (x86)\MiKTeX 2.9\tex\generic\pgf\systemlayer\pgfsys-pdftex.d
ef"
File: pgfsys-pdftex.def 2013/07/18  (rcs-revision 1.33)

("C:\Program Files (x86)\MiKTeX 2.9\tex\generic\pgf\systemlayer\pgfsys-common-p
df.def"
File: pgfsys-common-pdf.def 2013/10/10  (rcs-revision 1.13)
)))
("C:\Program Files (x86)\MiKTeX 2.9\tex\generic\pgf\systemlayer\pgfsyssoftpath.
code.tex"
File: pgfsyssoftpath.code.tex 2013/09/09  (rcs-revision 1.9)
\pgfsyssoftpath@smallbuffer@items=\count108
\pgfsyssoftpath@bigbuffer@items=\count109
)
("C:\Program Files (x86)\MiKTeX 2.9\tex\generic\pgf\systemlayer\pgfsysprotocol.
code.tex"
File: pgfsysprotocol.code.tex 2006/10/16  (rcs-revision 1.4)
)) ("C:\Program Files (x86)\MiKTeX 2.9\tex\latex\xcolor\xcolor.sty"
Package: xcolor 2007/01/21 v2.11 LaTeX color extensions (UK)

("C:\Program Files (x86)\MiKTeX 2.9\tex\latex\00miktex\color.cfg"
File: color.cfg 2007/01/18 v1.5 color configuration of teTeX/TeXLive
)
Package xcolor Info: Driver file: pdftex.def on input line 225.
Package xcolor Info: Model `cmy' substituted by `cmy0' on input line 1337.
Package xcolor Info: Model `hsb' substituted by `rgb' on input line 1341.
Package xcolor Info: Model `RGB' extended on input line 1353.
Package xcolor Info: Model `HTML' substituted by `rgb' on input line 1355.
Package xcolor Info: Model `Hsb' substituted by `hsb' on input line 1356.
Package xcolor Info: Model `tHsb' substituted by `hsb' on input line 1357.
Package xcolor Info: Model `HSB' substituted by `hsb' on input line 1358.
Package xcolor Info: Model `Gray' substituted by `gray' on input line 1359.
Package xcolor Info: Model `wave' substituted by `hsb' on input line 1360.
)
("C:\Program Files (x86)\MiKTeX 2.9\tex\generic\pgf\basiclayer\pgfcore.code.tex
"
Package: pgfcore 2010/04/11 v3.0.0 (rcs-revision 1.7)
 ("C:\Program Files (x86)\MiKTeX 2.9\tex\generic\pgf\math\pgfmath.code.tex"
("C:\Program Files (x86)\MiKTeX 2.9\tex\generic\pgf\math\pgfmathcalc.code.tex"
("C:\Program Files (x86)\MiKTeX 2.9\tex\generic\pgf\math\pgfmathutil.code.tex")
("C:\Program Files (x86)\MiKTeX 2.9\tex\generic\pgf\math\pgfmathparser.code.tex
"
\pgfmath@dimen=\dimen141
\pgfmath@count=\count110
\pgfmath@box=\box29
\pgfmath@toks=\toks29
\pgfmath@stack@operand=\toks30
\pgfmath@stack@operation=\toks31
)
("C:\Program Files (x86)\MiKTeX 2.9\tex\generic\pgf\math\pgfmathfunctions.code.
tex"
("C:\Program Files (x86)\MiKTeX 2.9\tex\generic\pgf\math\pgfmathfunctions.basic
.code.tex")
("C:\Program Files (x86)\MiKTeX 2.9\tex\generic\pgf\math\pgfmathfunctions.trigo
nometric.code.tex")
("C:\Program Files (x86)\MiKTeX 2.9\tex\generic\pgf\math\pgfmathfunctions.rando
m.code.tex")
("C:\Program Files (x86)\MiKTeX 2.9\tex\generic\pgf\math\pgfmathfunctions.compa
rison.code.tex")
("C:\Program Files (x86)\MiKTeX 2.9\tex\generic\pgf\math\pgfmathfunctions.base.
code.tex")
("C:\Program Files (x86)\MiKTeX 2.9\tex\generic\pgf\math\pgfmathfunctions.round
.code.tex")
("C:\Program Files (x86)\MiKTeX 2.9\tex\generic\pgf\math\pgfmathfunctions.misc.
code.tex")
("C:\Program Files (x86)\MiKTeX 2.9\tex\generic\pgf\math\pgfmathfunctions.integ
erarithmetics.code.tex")))
("C:\Program Files (x86)\MiKTeX 2.9\tex\generic\pgf\math\pgfmathfloat.code.tex"
\c@pgfmathroundto@lastzeros=\count111
))
("C:\Program Files (x86)\MiKTeX 2.9\tex\generic\pgf\basiclayer\pgfcorepoints.co
de.tex"
File: pgfcorepoints.code.tex 2013/10/07  (rcs-revision 1.27)
\pgf@picminx=\dimen142
\pgf@picmaxx=\dimen143
\pgf@picminy=\dimen144
\pgf@picmaxy=\dimen145
\pgf@pathminx=\dimen146
\pgf@pathmaxx=\dimen147
\pgf@pathminy=\dimen148
\pgf@pathmaxy=\dimen149
\pgf@xx=\dimen150
\pgf@xy=\dimen151
\pgf@yx=\dimen152
\pgf@yy=\dimen153
\pgf@zx=\dimen154
\pgf@zy=\dimen155
)
("C:\Program Files (x86)\MiKTeX 2.9\tex\generic\pgf\basiclayer\pgfcorepathconst
ruct.code.tex"
File: pgfcorepathconstruct.code.tex 2013/10/07  (rcs-revision 1.29)
\pgf@path@lastx=\dimen156
\pgf@path@lasty=\dimen157
)
("C:\Program Files (x86)\MiKTeX 2.9\tex\generic\pgf\basiclayer\pgfcorepathusage
.code.tex"
File: pgfcorepathusage.code.tex 2013/12/13  (rcs-revision 1.23)
\pgf@shorten@end@additional=\dimen158
\pgf@shorten@start@additional=\dimen159
)
("C:\Program Files (x86)\MiKTeX 2.9\tex\generic\pgf\basiclayer\pgfcorescopes.co
de.tex"
File: pgfcorescopes.code.tex 2013/10/09  (rcs-revision 1.44)
\pgfpic=\box30
\pgf@hbox=\box31
\pgf@layerbox@main=\box32
\pgf@picture@serial@count=\count112
)
("C:\Program Files (x86)\MiKTeX 2.9\tex\generic\pgf\basiclayer\pgfcoregraphicst
ate.code.tex"
File: pgfcoregraphicstate.code.tex 2013/09/19  (rcs-revision 1.11)
\pgflinewidth=\dimen160
)
("C:\Program Files (x86)\MiKTeX 2.9\tex\generic\pgf\basiclayer\pgfcoretransform
ations.code.tex"
File: pgfcoretransformations.code.tex 2013/10/10  (rcs-revision 1.17)
\pgf@pt@x=\dimen161
\pgf@pt@y=\dimen162
\pgf@pt@temp=\dimen163
)
("C:\Program Files (x86)\MiKTeX 2.9\tex\generic\pgf\basiclayer\pgfcorequick.cod
e.tex"
File: pgfcorequick.code.tex 2008/10/09  (rcs-revision 1.3)
)
("C:\Program Files (x86)\MiKTeX 2.9\tex\generic\pgf\basiclayer\pgfcoreobjects.c
ode.tex"
File: pgfcoreobjects.code.tex 2006/10/11  (rcs-revision 1.2)
)
("C:\Program Files (x86)\MiKTeX 2.9\tex\generic\pgf\basiclayer\pgfcorepathproce
ssing.code.tex"
File: pgfcorepathprocessing.code.tex 2013/09/09  (rcs-revision 1.9)
)
("C:\Program Files (x86)\MiKTeX 2.9\tex\generic\pgf\basiclayer\pgfcorearrows.co
de.tex"
File: pgfcorearrows.code.tex 2013/11/07  (rcs-revision 1.40)
\pgfarrowsep=\dimen164
)
("C:\Program Files (x86)\MiKTeX 2.9\tex\generic\pgf\basiclayer\pgfcoreshade.cod
e.tex"
File: pgfcoreshade.code.tex 2013/07/15  (rcs-revision 1.15)
\pgf@max=\dimen165
\pgf@sys@shading@range@num=\count113
)
("C:\Program Files (x86)\MiKTeX 2.9\tex\generic\pgf\basiclayer\pgfcoreimage.cod
e.tex"
File: pgfcoreimage.code.tex 2013/07/15  (rcs-revision 1.18)

("C:\Program Files (x86)\MiKTeX 2.9\tex\generic\pgf\basiclayer\pgfcoreexternal.
code.tex"
File: pgfcoreexternal.code.tex 2013/07/15  (rcs-revision 1.20)
\pgfexternal@startupbox=\box33
))
("C:\Program Files (x86)\MiKTeX 2.9\tex\generic\pgf\basiclayer\pgfcorelayers.co
de.tex"
File: pgfcorelayers.code.tex 2013/07/18  (rcs-revision 1.7)
)
("C:\Program Files (x86)\MiKTeX 2.9\tex\generic\pgf\basiclayer\pgfcoretranspare
ncy.code.tex"
File: pgfcoretransparency.code.tex 2013/09/30  (rcs-revision 1.5)
)
("C:\Program Files (x86)\MiKTeX 2.9\tex\generic\pgf\basiclayer\pgfcorepatterns.
code.tex"
File: pgfcorepatterns.code.tex 2013/11/07  (rcs-revision 1.5)
)))
("C:\Program Files (x86)\MiKTeX 2.9\tex\generic\pgf\modules\pgfmoduleshapes.cod
e.tex"
File: pgfmoduleshapes.code.tex 2013/10/31  (rcs-revision 1.34)
\pgfnodeparttextbox=\box34
)
("C:\Program Files (x86)\MiKTeX 2.9\tex\generic\pgf\modules\pgfmoduleplot.code.
tex"
File: pgfmoduleplot.code.tex 2013/07/31  (rcs-revision 1.12)
)
("C:\Program Files (x86)\MiKTeX 2.9\tex\latex\pgf\compatibility\pgfcomp-version
-0-65.sty"
Package: pgfcomp-version-0-65 2007/07/03 v3.0.0 (rcs-revision 1.7)
\pgf@nodesepstart=\dimen166
\pgf@nodesepend=\dimen167
)
("C:\Program Files (x86)\MiKTeX 2.9\tex\latex\pgf\compatibility\pgfcomp-version
-1-18.sty"
Package: pgfcomp-version-1-18 2007/07/23 v3.0.0 (rcs-revision 1.1)
))
("C:\Program Files (x86)\MiKTeX 2.9\tex\latex\pgf\utilities\pgffor.sty"
("C:\Program Files (x86)\MiKTeX 2.9\tex\latex\pgf\utilities\pgfkeys.sty"
("C:\Program Files (x86)\MiKTeX 2.9\tex\generic\pgf\utilities\pgfkeys.code.tex"
)) ("C:\Program Files (x86)\MiKTeX 2.9\tex\latex\pgf\math\pgfmath.sty"
("C:\Program Files (x86)\MiKTeX 2.9\tex\generic\pgf\math\pgfmath.code.tex"))
("C:\Program Files (x86)\MiKTeX 2.9\tex\generic\pgf\utilities\pgffor.code.tex"
Package: pgffor 2013/12/13 v3.0.0 (rcs-revision 1.25)

("C:\Program Files (x86)\MiKTeX 2.9\tex\generic\pgf\math\pgfmath.code.tex")
\pgffor@iter=\dimen168
\pgffor@skip=\dimen169
\pgffor@stack=\toks32
\pgffor@toks=\toks33
))
("C:\Program Files (x86)\MiKTeX 2.9\tex\generic\pgf\frontendlayer\tikz\tikz.cod
e.tex"
Package: tikz 2013/12/13 v3.0.0 (rcs-revision 1.142)

("C:\Program Files (x86)\MiKTeX 2.9\tex\generic\pgf\libraries\pgflibraryplothan
dlers.code.tex"
File: pgflibraryplothandlers.code.tex 2013/08/31 v3.0.0 (rcs-revision 1.20)
\pgf@plot@mark@count=\count114
\pgfplotmarksize=\dimen170
)
\tikz@lastx=\dimen171
\tikz@lasty=\dimen172
\tikz@lastxsaved=\dimen173
\tikz@lastysaved=\dimen174
\tikzleveldistance=\dimen175
\tikzsiblingdistance=\dimen176
\tikz@figbox=\box35
\tikz@figbox@bg=\box36
\tikz@tempbox=\box37
\tikz@tempbox@bg=\box38
\tikztreelevel=\count115
\tikznumberofchildren=\count116
\tikznumberofcurrentchild=\count117
\tikz@fig@count=\count118

("C:\Program Files (x86)\MiKTeX 2.9\tex\generic\pgf\modules\pgfmodulematrix.cod
e.tex"
File: pgfmodulematrix.code.tex 2013/09/17  (rcs-revision 1.8)
\pgfmatrixcurrentrow=\count119
\pgfmatrixcurrentcolumn=\count120
\pgf@matrix@numberofcolumns=\count121
)
\tikz@expandcount=\count122

("C:\Program Files (x86)\MiKTeX 2.9\tex\generic\pgf\frontendlayer\tikz\librarie
s\tikzlibrarytopaths.code.tex"
File: tikzlibrarytopaths.code.tex 2008/06/17 v3.0.0 (rcs-revision 1.2)
)))
("C:\Program Files (x86)\MiKTeX 2.9\tex\latex\graphics\lscape.sty"
Package: lscape 2000/10/22 v3.01 Landscape Pages (DPC)
)
("C:\Program Files (x86)\MiKTeX 2.9\tex\latex\multirow\multirow.sty"
\bigstrutjot=\dimen177
)
("C:\Program Files (x86)\MiKTeX 2.9\tex\generic\pgf\frontendlayer\tikz\librarie
s\tikzlibraryshapes.code.tex"
File: tikzlibraryshapes.code.tex 2008/01/09 v3.0.0 (rcs-revision 1.1)

("C:\Program Files (x86)\MiKTeX 2.9\tex\generic\pgf\frontendlayer\tikz\librarie
s\tikzlibraryshapes.geometric.code.tex"
File: tikzlibraryshapes.geometric.code.tex 2008/01/09 v3.0.0 (rcs-revision 1.1)


("C:\Program Files (x86)\MiKTeX 2.9\tex\generic\pgf\libraries\shapes\pgflibrary
shapes.geometric.code.tex"
File: pgflibraryshapes.geometric.code.tex 2008/06/26 v3.0.0 (rcs-revision 1.1)
))
("C:\Program Files (x86)\MiKTeX 2.9\tex\generic\pgf\frontendlayer\tikz\librarie
s\tikzlibraryshapes.misc.code.tex"
File: tikzlibraryshapes.misc.code.tex 2008/01/09 v3.0.0 (rcs-revision 1.1)

("C:\Program Files (x86)\MiKTeX 2.9\tex\generic\pgf\libraries\shapes\pgflibrary
shapes.misc.code.tex"
File: pgflibraryshapes.misc.code.tex 2013/07/18 v3.0.0 (rcs-revision 1.5)
))
("C:\Program Files (x86)\MiKTeX 2.9\tex\generic\pgf\frontendlayer\tikz\librarie
s\tikzlibraryshapes.symbols.code.tex"
File: tikzlibraryshapes.symbols.code.tex 2008/01/09 v3.0.0 (rcs-revision 1.1)

("C:\Program Files (x86)\MiKTeX 2.9\tex\generic\pgf\libraries\shapes\pgflibrary
shapes.symbols.code.tex"
File: pgflibraryshapes.symbols.code.tex 2013/09/11 v3.0.0 (rcs-revision 1.6)
))
("C:\Program Files (x86)\MiKTeX 2.9\tex\generic\pgf\frontendlayer\tikz\librarie
s\tikzlibraryshapes.arrows.code.tex"
File: tikzlibraryshapes.arrows.code.tex 2008/01/09 v3.0.0 (rcs-revision 1.1)

("C:\Program Files (x86)\MiKTeX 2.9\tex\generic\pgf\libraries\shapes\pgflibrary
shapes.arrows.code.tex"
File: pgflibraryshapes.arrows.code.tex 2008/06/26 v3.0.0 (rcs-revision 1.1)
))
("C:\Program Files (x86)\MiKTeX 2.9\tex\generic\pgf\frontendlayer\tikz\librarie
s\tikzlibraryshapes.callouts.code.tex"
("C:\Program Files (x86)\MiKTeX 2.9\tex\generic\pgf\libraries\shapes\pgflibrary
shapes.callouts.code.tex"))
("C:\Program Files (x86)\MiKTeX 2.9\tex\generic\pgf\frontendlayer\tikz\librarie
s\tikzlibraryshapes.multipart.code.tex"
File: tikzlibraryshapes.multipart.code.tex 2008/01/09 v3.0.0 (rcs-revision 1.1)


("C:\Program Files (x86)\MiKTeX 2.9\tex\generic\pgf\libraries\shapes\pgflibrary
shapes.multipart.code.tex"
File: pgflibraryshapes.multipart.code.tex 2010/01/07 v3.0.0 (rcs-revision 1.2)
\pgfnodepartlowerbox=\box39
\pgfnodeparttwobox=\box40
\pgfnodepartthreebox=\box41
\pgfnodepartfourbox=\box42
\pgfnodeparttwentybox=\box43
\pgfnodepartnineteenbox=\box44
\pgfnodeparteighteenbox=\box45
\pgfnodepartseventeenbox=\box46
\pgfnodepartsixteenbox=\box47
\pgfnodepartfifteenbox=\box48
\pgfnodepartfourteenbox=\box49
\pgfnodepartthirteenbox=\box50
\pgfnodeparttwelvebox=\box51
\pgfnodepartelevenbox=\box52
\pgfnodeparttenbox=\box53
\pgfnodepartninebox=\box54
\pgfnodeparteightbox=\box55
\pgfnodepartsevenbox=\box56
\pgfnodepartsixbox=\box57
\pgfnodepartfivebox=\box58
)))
("C:\Program Files (x86)\MiKTeX 2.9\tex\generic\pgf\frontendlayer\tikz\librarie
s\tikzlibrarypositioning.code.tex"
File: tikzlibrarypositioning.code.tex 2008/10/06 v3.0.0 (rcs-revision 1.7)
)
("C:\Program Files (x86)\MiKTeX 2.9\tex\generic\pgf\frontendlayer\tikz\librarie
s\tikzlibraryfit.code.tex"
File: tikzlibraryfit.code.tex 2013/07/12 v3.0.0 (rcs-revision 1.5)
)
("C:\Program Files (x86)\MiKTeX 2.9\tex\generic\pgf\frontendlayer\tikz\librarie
s\tikzlibrarybackgrounds.code.tex"
File: tikzlibrarybackgrounds.code.tex 2013/07/18 v3.0.0 (rcs-revision 1.3)
\pgf@layerbox@background=\box59
\pgf@layerboxsaved@background=\box60
)
("C:\Program Files (x86)\MiKTeX 2.9\tex\latex\caption\subcaption.sty"
Package: subcaption 2013/02/03 v1.1-62 Sub-captions (AR)
\c@subfigure=\count123
\c@subtable=\count124
)
("C:\Program Files (x86)\MiKTeX 2.9\tex\latex\tools\dcolumn.sty"
Package: dcolumn 2001/05/28 v1.06 decimal alignment package (DPC)
)
("C:\Program Files (x86)\MiKTeX 2.9\tex\latex\natbib\natbib.sty"
Package: natbib 2010/09/13 8.31b (PWD, AO)
\bibhang=\skip48
\bibsep=\skip49
LaTeX Info: Redefining \cite on input line 694.
\c@NAT@ctr=\count125
)
("C:\Program Files (x86)\MiKTeX 2.9\tex\latex\hyperref\hyperref.sty"
Package: hyperref 2012/11/06 v6.83m Hypertext links for LaTeX

("C:\Program Files (x86)\MiKTeX 2.9\tex\generic\oberdiek\hobsub-hyperref.sty"
Package: hobsub-hyperref 2012/04/25 v1.12 Bundle oberdiek, subset hyperref (HO)


("C:\Program Files (x86)\MiKTeX 2.9\tex\generic\oberdiek\hobsub-generic.sty"
Package: hobsub-generic 2012/04/25 v1.12 Bundle oberdiek, subset generic (HO)
Package: hobsub 2012/04/25 v1.12 Construct package bundles (HO)
Package hobsub Info: Skipping package `infwarerr' (already loaded).
Package hobsub Info: Skipping package `ltxcmds' (already loaded).
Package: ifluatex 2010/03/01 v1.3 Provides the ifluatex switch (HO)
Package ifluatex Info: LuaTeX not detected.
Package hobsub Info: Skipping package `ifvtex' (already loaded).
Package: intcalc 2007/09/27 v1.1 Expandable calculations with integers (HO)
Package hobsub Info: Skipping package `ifpdf' (already loaded).
Package: etexcmds 2011/02/16 v1.5 Avoid name clashes with e-TeX commands (HO)
Package etexcmds Info: Could not find \expanded.
(etexcmds)             That can mean that you are not using pdfTeX 1.50 or
(etexcmds)             that some package has redefined \expanded.
(etexcmds)             In the latter case, load this package earlier.
Package: kvsetkeys 2012/04/25 v1.16 Key value parser (HO)
Package: kvdefinekeys 2011/04/07 v1.3 Define keys (HO)
Package: pdftexcmds 2011/11/29 v0.20 Utility functions of pdfTeX for LuaTeX (HO
)
Package pdftexcmds Info: LuaTeX not detected.
Package pdftexcmds Info: \pdf@primitive is available.
Package pdftexcmds Info: \pdf@ifprimitive is available.
Package pdftexcmds Info: \pdfdraftmode found.
Package: pdfescape 2011/11/25 v1.13 Implements pdfTeX's escape features (HO)
Package: bigintcalc 2012/04/08 v1.3 Expandable calculations on big integers (HO
)
Package: bitset 2011/01/30 v1.1 Handle bit-vector datatype (HO)
Package: uniquecounter 2011/01/30 v1.2 Provide unlimited unique counter (HO)
)
Package hobsub Info: Skipping package `hobsub' (already loaded).
Package: letltxmacro 2010/09/02 v1.4 Let assignment for LaTeX macros (HO)
Package: hopatch 2011/06/24 v1.1 Wrapper for package hooks (HO)
Package: xcolor-patch 2011/01/30 xcolor patch
Package: atveryend 2011/06/30 v1.8 Hooks at the very end of document (HO)
Package atveryend Info: \enddocument detected (standard20110627).
Package: atbegshi 2011/10/05 v1.16 At begin shipout hook (HO)
Package: refcount 2011/10/16 v3.4 Data extraction from label references (HO)
Package: hycolor 2011/01/30 v1.7 Color options for hyperref/bookmark (HO)
)
("C:\Program Files (x86)\MiKTeX 2.9\tex\latex\oberdiek\auxhook.sty"
Package: auxhook 2011/03/04 v1.3 Hooks for auxiliary files (HO)
)
("C:\Program Files (x86)\MiKTeX 2.9\tex\latex\oberdiek\kvoptions.sty"
Package: kvoptions 2011/06/30 v3.11 Key value format for package options (HO)
)
\@linkdim=\dimen178
\Hy@linkcounter=\count126
\Hy@pagecounter=\count127

("C:\Program Files (x86)\MiKTeX 2.9\tex\latex\hyperref\pd1enc.def"
File: pd1enc.def 2012/11/06 v6.83m Hyperref: PDFDocEncoding definition (HO)
)
\Hy@SavedSpaceFactor=\count128

("C:\Program Files (x86)\MiKTeX 2.9\tex\latex\00miktex\hyperref.cfg"
File: hyperref.cfg 2002/06/06 v1.2 hyperref configuration of TeXLive
)
Package hyperref Info: Option `colorlinks' set `true' on input line 4319.
Package hyperref Info: Hyper figures OFF on input line 4443.
Package hyperref Info: Link nesting OFF on input line 4448.
Package hyperref Info: Hyper index ON on input line 4451.
Package hyperref Info: Plain pages OFF on input line 4458.
Package hyperref Info: Backreferencing OFF on input line 4463.
Package hyperref Info: Implicit mode ON; LaTeX internals redefined.
Package hyperref Info: Bookmarks ON on input line 4688.
\c@Hy@tempcnt=\count129

("C:\Program Files (x86)\MiKTeX 2.9\tex\latex\url\url.sty"
\Urlmuskip=\muskip11
Package: url 2013/09/16  ver 3.4  Verb mode for urls, etc.
)
LaTeX Info: Redefining \url on input line 5041.
\XeTeXLinkMargin=\dimen179
\Fld@menulength=\count130
\Field@Width=\dimen180
\Fld@charsize=\dimen181
Package hyperref Info: Hyper figures OFF on input line 6295.
Package hyperref Info: Link nesting OFF on input line 6300.
Package hyperref Info: Hyper index ON on input line 6303.
Package hyperref Info: backreferencing OFF on input line 6310.
Package hyperref Info: Link coloring ON on input line 6313.
Package hyperref Info: Link coloring with OCG OFF on input line 6320.
Package hyperref Info: PDF/A mode OFF on input line 6325.
LaTeX Info: Redefining \ref on input line 6365.
LaTeX Info: Redefining \pageref on input line 6369.
\Hy@abspage=\count131
\c@Item=\count132
\c@Hfootnote=\count133
)

Package hyperref Message: Driver (autodetected): hpdftex.

("C:\Program Files (x86)\MiKTeX 2.9\tex\latex\hyperref\hpdftex.def"
File: hpdftex.def 2012/11/06 v6.83m Hyperref driver for pdfTeX
\Fld@listcount=\count134
\c@bookmark@seq@number=\count135

("C:\Program Files (x86)\MiKTeX 2.9\tex\latex\oberdiek\rerunfilecheck.sty"
Package: rerunfilecheck 2011/04/15 v1.7 Rerun checks for auxiliary files (HO)
Package uniquecounter Info: New unique counter `rerunfilecheck' on input line 2
82.
)
\Hy@SectionHShift=\skip50
)
("C:\Program Files (x86)\MiKTeX 2.9\tex\latex\footmisc\footmisc.sty"
Package: footmisc 2011/06/06 v5.5b a miscellany of footnote facilities
\FN@temptoken=\toks34
\footnotemargin=\dimen182
\c@pp@next@reset=\count136
Package footmisc Info: Declaring symbol style bringhurst on input line 855.
Package footmisc Info: Declaring symbol style chicago on input line 863.
Package footmisc Info: Declaring symbol style wiley on input line 872.
Package footmisc Info: Declaring symbol style lamport-robust on input line 883.

Package footmisc Info: Declaring symbol style lamport* on input line 903.
Package footmisc Info: Declaring symbol style lamport*-robust on input line 924
.
)
("C:\Program Files (x86)\MiKTeX 2.9\tex\latex\amsfonts\amsfonts.sty"
Package: amsfonts 2013/01/14 v3.01 Basic AMSFonts support
\symAMSa=\mathgroup4
\symAMSb=\mathgroup5
LaTeX Font Info:    Overwriting math alphabet `\mathfrak' in version `bold'
(Font)                  U/euf/m/n --> U/euf/b/n on input line 106.
)
("C:\Program Files (x86)\MiKTeX 2.9\tex\latex\soul\soul.sty"
Package: soul 2003/11/17 v2.4 letterspacing/underlining (mf)
\SOUL@word=\toks35
\SOUL@lasttoken=\toks36
\SOUL@cmds=\toks37
\SOUL@buffer=\toks38
\SOUL@token=\toks39
\SOUL@spaceskip=\skip51
\SOUL@ttwidth=\dimen183
\SOUL@uldp=\dimen184
\SOUL@ulht=\dimen185
)
("C:\Program Files (x86)\MiKTeX 2.9\tex\latex\adjustbox\adjustbox.sty"
Package: adjustbox 2012/05/21 v1.0 Adjusting TeX boxes (trim, clip, ...)

("C:\Program Files (x86)\MiKTeX 2.9\tex\latex\xkeyval\xkeyval.sty"
Package: xkeyval 2012/10/14 v2.6b package option processing (HA)

("C:\Program Files (x86)\MiKTeX 2.9\tex\generic\xkeyval\xkeyval.tex"
\XKV@toks=\toks40
\XKV@tempa@toks=\toks41
\XKV@depth=\count137
File: xkeyval.tex 2012/10/14 v2.6b key=value parser (HA)
))
("C:\Program Files (x86)\MiKTeX 2.9\tex\latex\adjustbox\adjcalc.sty"
Package: adjcalc 2012/05/16 v1.1 Provides advanced setlength with multiple back
-ends (calc, etex, pgfmath)
)
("C:\Program Files (x86)\MiKTeX 2.9\tex\latex\adjustbox\trimclip.sty"
Package: trimclip 2012/05/16 v1.0 Trim and clip general TeX material

("C:\Program Files (x86)\MiKTeX 2.9\tex\latex\collectbox\collectbox.sty"
Package: collectbox 2012/05/17 v0.4b Collect macro arguments as boxes
\collectedbox=\box61
)
\tc@llx=\dimen186
\tc@lly=\dimen187
\tc@urx=\dimen188
\tc@ury=\dimen189
Package trimclip Info: Using driver 'tc-pdftex.def'.

("C:\Program Files (x86)\MiKTeX 2.9\tex\latex\adjustbox\tc-pdftex.def"
File: tc-pdftex.def 2012/05/13 v1.0 Clipping driver for pdftex
))
\adjbox@Width=\dimen190
\adjbox@Height=\dimen191
\adjbox@Depth=\dimen192
\adjbox@Totalheight=\dimen193

("C:\Program Files (x86)\MiKTeX 2.9\tex\latex\ifoddpage\ifoddpage.sty"
Package: ifoddpage 2011/09/13 v1.0 Conditionals for odd/even page detection
\c@checkoddpage=\count138
)
("C:\Program Files (x86)\MiKTeX 2.9\tex\latex\ltxmisc\varwidth.sty"
Package: varwidth 2009/03/30 ver 0.92;  Variable-width minipages
\@vwid@box=\box62
\sift@deathcycles=\count139
\@vwid@loff=\dimen194
\@vwid@roff=\dimen195
))
("C:\Program Files (x86)\MiKTeX 2.9\tex\latex\wrapfig\wrapfig.sty"
\wrapoverhang=\dimen196
\WF@size=\dimen197
\c@WF@wrappedlines=\count140
\WF@box=\box63
\WF@everypar=\toks42
Package: wrapfig 2003/01/31  v 3.6
)
("C:\Program Files (x86)\MiKTeX 2.9\tex\latex\ltxmisc\parskip.sty"
Package: parskip 2001/04/09 non-zero parskip adjustments
)
("C:\Users\user\Dropbox\Projects\Trader Anonymity\Drafts\Draft_20170419\Draft_2
0170419.aux"

LaTeX Warning: Label `eq:absnum_pre' multiply defined.


LaTeX Warning: Label `eq:qspr_pre' multiply defined.

)
LaTeX Font Info:    Checking defaults for OML/cmm/m/it on input line 23.
LaTeX Font Info:    ... okay on input line 23.
LaTeX Font Info:    Checking defaults for T1/cmr/m/n on input line 23.
LaTeX Font Info:    ... okay on input line 23.
LaTeX Font Info:    Checking defaults for OT1/cmr/m/n on input line 23.
LaTeX Font Info:    ... okay on input line 23.
LaTeX Font Info:    Checking defaults for OMS/cmsy/m/n on input line 23.
LaTeX Font Info:    ... okay on input line 23.
LaTeX Font Info:    Checking defaults for OMX/cmex/m/n on input line 23.
LaTeX Font Info:    ... okay on input line 23.
LaTeX Font Info:    Checking defaults for U/cmr/m/n on input line 23.
LaTeX Font Info:    ... okay on input line 23.
LaTeX Font Info:    Checking defaults for PD1/pdf/m/n on input line 23.
LaTeX Font Info:    ... okay on input line 23.

*geometry* driver: auto-detecting
*geometry* detected driver: pdftex
*geometry* verbose mode - [ preamble ] result:
* driver: pdftex
* paper: <default>
* layout: <same size as paper>
* layoutoffset:(h,v)=(0.0pt,0.0pt)
* modes: 
* h-part:(L,W,R)=(92.14519pt, 430.00462pt, 92.14519pt)
* v-part:(T,H,B)=(95.39737pt, 556.47656pt, 143.09605pt)
* \paperwidth=614.295pt
* \paperheight=794.96999pt
* \textwidth=430.00462pt
* \textheight=556.47656pt
* \oddsidemargin=19.8752pt
* \evensidemargin=19.8752pt
* \topmargin=-13.87262pt
* \headheight=12.0pt
* \headsep=25.0pt
* \topskip=10.0pt
* \footskip=30.0pt
* \marginparwidth=65.0pt
* \marginparsep=11.0pt
* \columnsep=10.0pt
* \skip\footins=9.0pt plus 4.0pt minus 2.0pt
* \hoffset=0.0pt
* \voffset=0.0pt
* \mag=1000
* \@twocolumnfalse
* \@twosidefalse
* \@mparswitchfalse
* \@reversemarginfalse
* (1in=72.27pt=25.4mm, 1cm=28.453pt)

("C:\Program Files (x86)\MiKTeX 2.9\tex\context\base\supp-pdf.mkii"
[Loading MPS to PDF converter (version 2006.09.02).]
\scratchcounter=\count141
\scratchdimen=\dimen198
\scratchbox=\box64
\nofMPsegments=\count142
\nofMParguments=\count143
\everyMPshowfont=\toks43
\MPscratchCnt=\count144
\MPscratchDim=\dimen199
\MPnumerator=\count145
\makeMPintoPDFobject=\count146
\everyMPtoPDFconversion=\toks44
)
Package caption Info: Begin \AtBeginDocument code.
Package caption Info: hyperref package is loaded.
Package caption Info: wrapfig package is loaded.
Package caption Info: End \AtBeginDocument code.
 ABD: EveryShipout initializing macros
\AtBeginShipoutBox=\box65
Package hyperref Info: Link coloring ON on input line 23.

("C:\Program Files (x86)\MiKTeX 2.9\tex\latex\hyperref\nameref.sty"
Package: nameref 2012/10/27 v2.43 Cross-referencing by name of section

("C:\Program Files (x86)\MiKTeX 2.9\tex\generic\oberdiek\gettitlestring.sty"
Package: gettitlestring 2010/12/03 v1.4 Cleanup title references (HO)
)
\c@section@level=\count147
)
LaTeX Info: Redefining \ref on input line 23.
LaTeX Info: Redefining \pageref on input line 23.
LaTeX Info: Redefining \nameref on input line 23.

("C:\Users\user\Dropbox\Projects\Trader Anonymity\Drafts\Draft_20170419\Draft_2
0170419.out")
("C:\Users\user\Dropbox\Projects\Trader Anonymity\Drafts\Draft_20170419\Draft_2
0170419.out")
\@outlinefile=\write4
LaTeX Font Info:    Try loading font information for U+msa on input line 30.
 ("C:\Program Files (x86)\MiKTeX 2.9\tex\latex\amsfonts\umsa.fd"
File: umsa.fd 2013/01/14 v3.01 AMS symbols A
)
LaTeX Font Info:    Try loading font information for U+msb on input line 30.

("C:\Program Files (x86)\MiKTeX 2.9\tex\latex\amsfonts\umsb.fd"
File: umsb.fd 2013/01/14 v3.01 AMS symbols B
) [1

{C:/ProgramData/MiKTeX/2.9/pdftex/config/pdftex.map}] [2

]
Underfull \hbox (badness 10000) in paragraph at lines 53--53
[][][]\OT1/cmr/m/n/8 See [][]$\OT1/cmtt/m/n/8 http : / / Nasdaq . cchwallstreet
 . com / Nasdaq / main / Nasdaq-[]equityrules / chp _ 1 _ 1 / chp _ 1 _ 1 _ 4 /
 chp _ 1 _ 1 _ 4 _ 6 /
 []

[3] [4] [5] [6] [7] [8]

LaTeX Warning: `!h' float specifier changed to `!ht'.


Overfull \hbox (11.55061pt too wide) in paragraph at lines 188--189
\OT1/cmr/m/n/10 As pre-vi-ously men-tioned, LOB-STER Aca-demic Data records dat
a di-rectly from the Nas-daq TotalView-
 []

[9]
Underfull \hbox (badness 10000) in paragraph at lines 297--297
[]|\OT1/cmr/bx/n/5 Herfindahl-
 []

[10] [11] [12]
<docs/Graphs_MPID_SUB_RATIO_AAPL_30sec_FullTime.pdf, id=287, 421.575pt x 316.18
124pt>
File: docs/Graphs_MPID_SUB_RATIO_AAPL_30sec_FullTime.pdf Graphic file (type pdf
)
 <use docs/Graphs_MPID_SUB_RATIO_AAPL_30sec_FullTime.pdf>
Package pdftex.def Info: docs/Graphs_MPID_SUB_RATIO_AAPL_30sec_FullTime.pdf use
d on input line 380.
(pdftex.def)             Requested size: 103.20346pt x 77.39995pt.

<docs/Graphs_MPID_SUB_RATIO_CSCO_30sec_FullTime.pdf, id=288, 421.575pt x 316.18
124pt>
File: docs/Graphs_MPID_SUB_RATIO_CSCO_30sec_FullTime.pdf Graphic file (type pdf
)
 <use docs/Graphs_MPID_SUB_RATIO_CSCO_30sec_FullTime.pdf>
Package pdftex.def Info: docs/Graphs_MPID_SUB_RATIO_CSCO_30sec_FullTime.pdf use
d on input line 385.
(pdftex.def)             Requested size: 103.20346pt x 77.39995pt.

<docs/Graphs_MPID_SUB_RATIO_EBAY_30sec_FullTime.pdf, id=289, 421.575pt x 316.18
124pt>
File: docs/Graphs_MPID_SUB_RATIO_EBAY_30sec_FullTime.pdf Graphic file (type pdf
)
 <use docs/Graphs_MPID_SUB_RATIO_EBAY_30sec_FullTime.pdf>
Package pdftex.def Info: docs/Graphs_MPID_SUB_RATIO_EBAY_30sec_FullTime.pdf use
d on input line 389.
(pdftex.def)             Requested size: 103.20346pt x 77.39995pt.

<docs/Graphs_MPID_SUB_RATIO_FB_30sec_FullTime.pdf, id=290, 421.575pt x 316.1812
4pt>
File: docs/Graphs_MPID_SUB_RATIO_FB_30sec_FullTime.pdf Graphic file (type pdf)
 <use docs/Graphs_MPID_SUB_RATIO_FB_30sec_FullTime.pdf>
Package pdftex.def Info: docs/Graphs_MPID_SUB_RATIO_FB_30sec_FullTime.pdf used 
on input line 393.
(pdftex.def)             Requested size: 103.20346pt x 77.39995pt.

<docs/Graphs_MPID_SUB_RATIO_GOOG_30sec_FullTime.pdf, id=291, 421.575pt x 316.18
124pt>
File: docs/Graphs_MPID_SUB_RATIO_GOOG_30sec_FullTime.pdf Graphic file (type pdf
)
 <use docs/Graphs_MPID_SUB_RATIO_GOOG_30sec_FullTime.pdf>
Package pdftex.def Info: docs/Graphs_MPID_SUB_RATIO_GOOG_30sec_FullTime.pdf use
d on input line 398.
(pdftex.def)             Requested size: 103.20346pt x 77.39995pt.

<docs/Graphs_MPID_SUB_RATIO_INTC_30sec_FullTime.pdf, id=292, 421.575pt x 316.18
124pt>
File: docs/Graphs_MPID_SUB_RATIO_INTC_30sec_FullTime.pdf Graphic file (type pdf
)
 <use docs/Graphs_MPID_SUB_RATIO_INTC_30sec_FullTime.pdf>
Package pdftex.def Info: docs/Graphs_MPID_SUB_RATIO_INTC_30sec_FullTime.pdf use
d on input line 403.
(pdftex.def)             Requested size: 103.20346pt x 77.39995pt.

<docs/Graphs_MPID_SUB_RATIO_MSFT_30sec_FullTime.pdf, id=293, 421.575pt x 316.18
124pt>
File: docs/Graphs_MPID_SUB_RATIO_MSFT_30sec_FullTime.pdf Graphic file (type pdf
)
 <use docs/Graphs_MPID_SUB_RATIO_MSFT_30sec_FullTime.pdf>
Package pdftex.def Info: docs/Graphs_MPID_SUB_RATIO_MSFT_30sec_FullTime.pdf use
d on input line 407.
(pdftex.def)             Requested size: 103.20346pt x 77.39995pt.

<docs/Graphs_MPID_SUB_RATIO_YHOO_30sec_FullTime.pdf, id=294, 421.575pt x 316.18
124pt>
File: docs/Graphs_MPID_SUB_RATIO_YHOO_30sec_FullTime.pdf Graphic file (type pdf
)
 <use docs/Graphs_MPID_SUB_RATIO_YHOO_30sec_FullTime.pdf>
Package pdftex.def Info: docs/Graphs_MPID_SUB_RATIO_YHOO_30sec_FullTime.pdf use
d on input line 411.
(pdftex.def)             Requested size: 103.20346pt x 77.39995pt.

<docs/MPIDSubmission_Daily_ByFirm_30sec_FullTime.pdf, id=295, 419.5675pt x 316.
18124pt>
File: docs/MPIDSubmission_Daily_ByFirm_30sec_FullTime.pdf Graphic file (type pd
f)
 <use docs/MPIDSubmission_Daily_ByFirm_30sec_FullTime.pdf>
Package pdftex.def Info: docs/MPIDSubmission_Daily_ByFirm_30sec_FullTime.pdf us
ed on input line 424.
(pdftex.def)             Requested size: 193.50076pt x 145.81662pt.

<docs/MPIDSubmission_Daily_ByType_30sec_FullTime.pdf, id=296, 419.5675pt x 316.
18124pt>
File: docs/MPIDSubmission_Daily_ByType_30sec_FullTime.pdf Graphic file (type pd
f)
 <use docs/MPIDSubmission_Daily_ByType_30sec_FullTime.pdf>
Package pdftex.def Info: docs/MPIDSubmission_Daily_ByType_30sec_FullTime.pdf us
ed on input line 427.
(pdftex.def)             Requested size: 193.50076pt x 145.81662pt.
 [13 <C:/Users/user/Dropbox/Projects/Trader Anonymity/Drafts/Draft_20170419/doc
s/Graphs_MPID_SUB_RATIO_AAPL_30sec_FullTime.pdf> <C:/Users/user/Dropbox/Project
s/Trader Anonymity/Drafts/Draft_20170419/docs/Graphs_MPID_SUB_RATIO_CSCO_30sec_
FullTime.pdf> <C:/Users/user/Dropbox/Projects/Trader Anonymity/Drafts/Draft_201
70419/docs/Graphs_MPID_SUB_RATIO_EBAY_30sec_FullTime.pdf> <C:/Users/user/Dropbo
x/Projects/Trader Anonymity/Drafts/Draft_20170419/docs/Graphs_MPID_SUB_RATIO_FB
_30sec_FullTime.pdf> <C:/Users/user/Dropbox/Projects/Trader Anonymity/Drafts/Dr
aft_20170419/docs/Graphs_MPID_SUB_RATIO_GOOG_30sec_FullTime.pdf> <C:/Users/user
/Dropbox/Projects/Trader Anonymity/Drafts/Draft_20170419/docs/Graphs_MPID_SUB_R
ATIO_INTC_30sec_FullTime.pdf> <C:/Users/user/Dropbox/Projects/Trader Anonymity/
Drafts/Draft_20170419/docs/Graphs_MPID_SUB_RATIO_MSFT_30sec_FullTime.pdf> <C:/U
sers/user/Dropbox/Projects/Trader Anonymity/Drafts/Draft_20170419/docs/Graphs_M
PID_SUB_RATIO_YHOO_30sec_FullTime.pdf> <C:/Users/user/Dropbox/Projects/Trader A
nonymity/Drafts/Draft_20170419/docs/MPIDSubmission_Daily_ByFirm_30sec_FullTime.
pdf> <C:/Users/user/Dropbox/Projects/Trader Anonymity/Drafts/Draft_20170419/doc
s/MPIDSubmission_Daily_ByType_30sec_FullTime.pdf>] [14] [15]
Overfull \hbox (13.15436pt too wide) in paragraph at lines 480--480
[]|\OT1/cmr/m/n/10 SKEWNESS| 
 []

[16] [17] [18] [19]
<docs/Regression_Ratio_30sec_1_VOL_GRID_SHORT_PRE.pdf, id=418, 421.575pt x 316.
18124pt>
File: docs/Regression_Ratio_30sec_1_VOL_GRID_SHORT_PRE.pdf Graphic file (type p
df)
 <use docs/Regression_Ratio_30sec_1_VOL_GRID_SHORT_PRE.pdf>
Package pdftex.def Info: docs/Regression_Ratio_30sec_1_VOL_GRID_SHORT_PRE.pdf u
sed on input line 514.
(pdftex.def)             Requested size: 133.30037pt x 99.97392pt.

<docs/Regression_Ratio_30sec_1_RELSPR.pdf, id=419, 421.575pt x 316.18124pt>
File: docs/Regression_Ratio_30sec_1_RELSPR.pdf Graphic file (type pdf)

<use docs/Regression_Ratio_30sec_1_RELSPR.pdf>
Package pdftex.def Info: docs/Regression_Ratio_30sec_1_RELSPR.pdf used on input
 line 519.
(pdftex.def)             Requested size: 133.30037pt x 99.97392pt.

<docs/Regression_Ratio_30sec_1_SUB_ALL_DVOL.pdf, id=420, 421.575pt x 316.18124p
t>
File: docs/Regression_Ratio_30sec_1_SUB_ALL_DVOL.pdf Graphic file (type pdf)
 <use docs/Regression_Ratio_30sec_1_SUB_ALL_DVOL.pdf>
Package pdftex.def Info: docs/Regression_Ratio_30sec_1_SUB_ALL_DVOL.pdf used on
 input line 523.
(pdftex.def)             Requested size: 133.30037pt x 99.97392pt.

<docs/Regression_Ratio_30sec_1_EXE_ALL_DVOL.pdf, id=421, 421.575pt x 316.18124p
t>
File: docs/Regression_Ratio_30sec_1_EXE_ALL_DVOL.pdf Graphic file (type pdf)
 <use docs/Regression_Ratio_30sec_1_EXE_ALL_DVOL.pdf>
Package pdftex.def Info: docs/Regression_Ratio_30sec_1_EXE_ALL_DVOL.pdf used on
 input line 528.
(pdftex.def)             Requested size: 133.30037pt x 99.97392pt.

<docs/Regression_Ratio_30sec_1_DEPTH_TOTAL_DVOL.pdf, id=422, 421.575pt x 316.18
124pt>
File: docs/Regression_Ratio_30sec_1_DEPTH_TOTAL_DVOL.pdf Graphic file (type pdf
)
 <use docs/Regression_Ratio_30sec_1_DEPTH_TOTAL_DVOL.pdf>
Package pdftex.def Info: docs/Regression_Ratio_30sec_1_DEPTH_TOTAL_DVOL.pdf use
d on input line 532.
(pdftex.def)             Requested size: 133.30037pt x 99.97392pt.

<docs/Regression_Ratio_30sec_1_HASBROUCK_MAX.pdf, id=423, 421.575pt x 316.18124
pt>
File: docs/Regression_Ratio_30sec_1_HASBROUCK_MAX.pdf Graphic file (type pdf)
 <use docs/Regression_Ratio_30sec_1_HASBROUCK_MAX.pdf>
Package pdftex.def Info: docs/Regression_Ratio_30sec_1_HASBROUCK_MAX.pdf used o
n input line 536.
(pdftex.def)             Requested size: 133.30037pt x 99.97392pt.
 [20 <C:/Users/user/Dropbox/Projects/Trader Anonymity/Drafts/Draft_20170419/doc
s/Regression_Ratio_30sec_1_VOL_GRID_SHORT_PRE.pdf> <C:/Users/user/Dropbox/Proje
cts/Trader Anonymity/Drafts/Draft_20170419/docs/Regression_Ratio_30sec_1_RELSPR
.pdf> <C:/Users/user/Dropbox/Projects/Trader Anonymity/Drafts/Draft_20170419/do
cs/Regression_Ratio_30sec_1_SUB_ALL_DVOL.pdf> <C:/Users/user/Dropbox/Projects/T
rader Anonymity/Drafts/Draft_20170419/docs/Regression_Ratio_30sec_1_EXE_ALL_DVO
L.pdf> <C:/Users/user/Dropbox/Projects/Trader Anonymity/Drafts/Draft_20170419/d
ocs/Regression_Ratio_30sec_1_DEPTH_TOTAL_DVOL.pdf> <C:/Users/user/Dropbox/Proje
cts/Trader Anonymity/Drafts/Draft_20170419/docs/Regression_Ratio_30sec_1_HASBRO
UCK_MAX.pdf>]
Missing character: There is no Å in font cmr10!
Missing character: There is no † in font cmr10!
Missing character: There is no Å in font cmr10!
Missing character: There is no ¡ in font cmr10!
 [21]
[22] [23] [24]
<docs/Regression_Ratio_30sec_1_MPID_SUB_1MPIDLags_5DepVarLags.pdf, id=522, 421.
575pt x 316.18124pt>
File: docs/Regression_Ratio_30sec_1_MPID_SUB_1MPIDLags_5DepVarLags.pdf Graphic 
file (type pdf)

<use docs/Regression_Ratio_30sec_1_MPID_SUB_1MPIDLags_5DepVarLags.pdf>
Package pdftex.def Info: docs/Regression_Ratio_30sec_1_MPID_SUB_1MPIDLags_5DepV
arLags.pdf used on input line 608.
(pdftex.def)             Requested size: 133.30037pt x 99.97392pt.

<docs/Regression_Ratio_30sec_6_MPID_SUB_1MPIDLags_5DepVarLags.pdf, id=523, 421.
575pt x 316.18124pt>
File: docs/Regression_Ratio_30sec_6_MPID_SUB_1MPIDLags_5DepVarLags.pdf Graphic 
file (type pdf)

<use docs/Regression_Ratio_30sec_6_MPID_SUB_1MPIDLags_5DepVarLags.pdf>
Package pdftex.def Info: docs/Regression_Ratio_30sec_6_MPID_SUB_1MPIDLags_5DepV
arLags.pdf used on input line 613.
(pdftex.def)             Requested size: 133.30037pt x 99.97392pt.

<docs/Regression_Ratio_30sec_11_MPID_SUB_1MPIDLags_5DepVarLags.pdf, id=524, 421
.575pt x 316.18124pt>
File: docs/Regression_Ratio_30sec_11_MPID_SUB_1MPIDLags_5DepVarLags.pdf Graphic
 file (type pdf)

<use docs/Regression_Ratio_30sec_11_MPID_SUB_1MPIDLags_5DepVarLags.pdf>
Package pdftex.def Info: docs/Regression_Ratio_30sec_11_MPID_SUB_1MPIDLags_5Dep
VarLags.pdf used on input line 617.
(pdftex.def)             Requested size: 133.30037pt x 99.97392pt.

<docs/Regression_Ratio_30sec_16_MPID_SUB_1MPIDLags_5DepVarLags.pdf, id=525, 421
.575pt x 316.18124pt>
File: docs/Regression_Ratio_30sec_16_MPID_SUB_1MPIDLags_5DepVarLags.pdf Graphic
 file (type pdf)

<use docs/Regression_Ratio_30sec_16_MPID_SUB_1MPIDLags_5DepVarLags.pdf>
Package pdftex.def Info: docs/Regression_Ratio_30sec_16_MPID_SUB_1MPIDLags_5Dep
VarLags.pdf used on input line 623.
(pdftex.def)             Requested size: 133.30037pt x 99.97392pt.

<docs/Regression_Ratio_30sec_21_MPID_SUB_1MPIDLags_5DepVarLags.pdf, id=526, 421
.575pt x 316.18124pt>
File: docs/Regression_Ratio_30sec_21_MPID_SUB_1MPIDLags_5DepVarLags.pdf Graphic
 file (type pdf)

<use docs/Regression_Ratio_30sec_21_MPID_SUB_1MPIDLags_5DepVarLags.pdf>
Package pdftex.def Info: docs/Regression_Ratio_30sec_21_MPID_SUB_1MPIDLags_5Dep
VarLags.pdf used on input line 627.
(pdftex.def)             Requested size: 133.30037pt x 99.97392pt.

<docs/Regression_Ratio_30sec_26_MPID_SUB_1MPIDLags_5DepVarLags.pdf, id=527, 421
.575pt x 316.18124pt>
File: docs/Regression_Ratio_30sec_26_MPID_SUB_1MPIDLags_5DepVarLags.pdf Graphic
 file (type pdf)

<use docs/Regression_Ratio_30sec_26_MPID_SUB_1MPIDLags_5DepVarLags.pdf>
Package pdftex.def Info: docs/Regression_Ratio_30sec_26_MPID_SUB_1MPIDLags_5Dep
VarLags.pdf used on input line 631.
(pdftex.def)             Requested size: 133.30037pt x 99.97392pt.

<docs/TMBR_Regression_Ratio_30sec_1_MPID_SUB_1MPIDLags_5DepVarLags.pdf, id=528,
 421.575pt x 316.18124pt>
File: docs/TMBR_Regression_Ratio_30sec_1_MPID_SUB_1MPIDLags_5DepVarLags.pdf Gra
phic file (type pdf)

<use docs/TMBR_Regression_Ratio_30sec_1_MPID_SUB_1MPIDLags_5DepVarLags.pdf>
Package pdftex.def Info: docs/TMBR_Regression_Ratio_30sec_1_MPID_SUB_1MPIDLags_
5DepVarLags.pdf used on input line 649.
(pdftex.def)             Requested size: 133.30037pt x 99.97392pt.

<docs/TMBR_Regression_Ratio_30sec_6_MPID_SUB_1MPIDLags_5DepVarLags.pdf, id=529,
 421.575pt x 316.18124pt>
File: docs/TMBR_Regression_Ratio_30sec_6_MPID_SUB_1MPIDLags_5DepVarLags.pdf Gra
phic file (type pdf)

<use docs/TMBR_Regression_Ratio_30sec_6_MPID_SUB_1MPIDLags_5DepVarLags.pdf>
Package pdftex.def Info: docs/TMBR_Regression_Ratio_30sec_6_MPID_SUB_1MPIDLags_
5DepVarLags.pdf used on input line 654.
(pdftex.def)             Requested size: 133.30037pt x 99.97392pt.

<docs/TMBR_Regression_Ratio_30sec_11_MPID_SUB_1MPIDLags_5DepVarLags.pdf, id=530
, 421.575pt x 316.18124pt>
File: docs/TMBR_Regression_Ratio_30sec_11_MPID_SUB_1MPIDLags_5DepVarLags.pdf Gr
aphic file (type pdf)

<use docs/TMBR_Regression_Ratio_30sec_11_MPID_SUB_1MPIDLags_5DepVarLags.pdf>
Package pdftex.def Info: docs/TMBR_Regression_Ratio_30sec_11_MPID_SUB_1MPIDLags
_5DepVarLags.pdf used on input line 658.
(pdftex.def)             Requested size: 133.30037pt x 99.97392pt.

<docs/TMBR_Regression_Ratio_30sec_16_MPID_SUB_1MPIDLags_5DepVarLags.pdf, id=531
, 421.575pt x 316.18124pt>
File: docs/TMBR_Regression_Ratio_30sec_16_MPID_SUB_1MPIDLags_5DepVarLags.pdf Gr
aphic file (type pdf)

<use docs/TMBR_Regression_Ratio_30sec_16_MPID_SUB_1MPIDLags_5DepVarLags.pdf>
Package pdftex.def Info: docs/TMBR_Regression_Ratio_30sec_16_MPID_SUB_1MPIDLags
_5DepVarLags.pdf used on input line 664.
(pdftex.def)             Requested size: 133.30037pt x 99.97392pt.

<docs/TMBR_Regression_Ratio_30sec_21_MPID_SUB_1MPIDLags_5DepVarLags.pdf, id=532
, 421.575pt x 316.18124pt>
File: docs/TMBR_Regression_Ratio_30sec_21_MPID_SUB_1MPIDLags_5DepVarLags.pdf Gr
aphic file (type pdf)

<use docs/TMBR_Regression_Ratio_30sec_21_MPID_SUB_1MPIDLags_5DepVarLags.pdf>
Package pdftex.def Info: docs/TMBR_Regression_Ratio_30sec_21_MPID_SUB_1MPIDLags
_5DepVarLags.pdf used on input line 668.
(pdftex.def)             Requested size: 133.30037pt x 99.97392pt.

<docs/TMBR_Regression_Ratio_30sec_26_MPID_SUB_1MPIDLags_5DepVarLags.pdf, id=533
, 421.575pt x 316.18124pt>
File: docs/TMBR_Regression_Ratio_30sec_26_MPID_SUB_1MPIDLags_5DepVarLags.pdf Gr
aphic file (type pdf)

<use docs/TMBR_Regression_Ratio_30sec_26_MPID_SUB_1MPIDLags_5DepVarLags.pdf>
Package pdftex.def Info: docs/TMBR_Regression_Ratio_30sec_26_MPID_SUB_1MPIDLags
_5DepVarLags.pdf used on input line 672.
(pdftex.def)             Requested size: 133.30037pt x 99.97392pt.

[25 <C:/Users/user/Dropbox/Projects/Trader Anonymity/Drafts/Draft_20170419/docs
/Regression_Ratio_30sec_1_MPID_SUB_1MPIDLags_5DepVarLags.pdf> <C:/Users/user/Dr
opbox/Projects/Trader Anonymity/Drafts/Draft_20170419/docs/Regression_Ratio_30s
ec_6_MPID_SUB_1MPIDLags_5DepVarLags.pdf> <C:/Users/user/Dropbox/Projects/Trader
 Anonymity/Drafts/Draft_20170419/docs/Regression_Ratio_30sec_11_MPID_SUB_1MPIDL
ags_5DepVarLags.pdf> <C:/Users/user/Dropbox/Projects/Trader Anonymity/Drafts/Dr
aft_20170419/docs/Regression_Ratio_30sec_16_MPID_SUB_1MPIDLags_5DepVarLags.pdf>
 <C:/Users/user/Dropbox/Projects/Trader Anonymity/Drafts/Draft_20170419/docs/Re
gression_Ratio_30sec_21_MPID_SUB_1MPIDLags_5DepVarLags.pdf> <C:/Users/user/Drop
box/Projects/Trader Anonymity/Drafts/Draft_20170419/docs/Regression_Ratio_30sec
_26_MPID_SUB_1MPIDLags_5DepVarLags.pdf>] [26 <C:/Users/user/Dropbox/Projects/Tr
ader Anonymity/Drafts/Draft_20170419/docs/TMBR_Regression_Ratio_30sec_1_MPID_SU
B_1MPIDLags_5DepVarLags.pdf> <C:/Users/user/Dropbox/Projects/Trader Anonymity/D
rafts/Draft_20170419/docs/TMBR_Regression_Ratio_30sec_6_MPID_SUB_1MPIDLags_5Dep
VarLags.pdf> <C:/Users/user/Dropbox/Projects/Trader Anonymity/Drafts/Draft_2017
0419/docs/TMBR_Regression_Ratio_30sec_11_MPID_SUB_1MPIDLags_5DepVarLags.pdf> <C
:/Users/user/Dropbox/Projects/Trader Anonymity/Drafts/Draft_20170419/docs/TMBR_
Regression_Ratio_30sec_16_MPID_SUB_1MPIDLags_5DepVarLags.pdf> <C:/Users/user/Dr
opbox/Projects/Trader Anonymity/Drafts/Draft_20170419/docs/TMBR_Regression_Rati
o_30sec_21_MPID_SUB_1MPIDLags_5DepVarLags.pdf> <C:/Users/user/Dropbox/Projects/
Trader Anonymity/Drafts/Draft_20170419/docs/TMBR_Regression_Ratio_30sec_26_MPID
_SUB_1MPIDLags_5DepVarLags.pdf>] [27]
Overfull \hbox (9.40433pt too wide) in paragraph at lines 832--832
[]|\OT1/cmr/m/n/10 MPID.BUY| 
 []


Overfull \hbox (12.18211pt too wide) in paragraph at lines 832--832
[]|\OT1/cmr/m/n/10 MPID.SELL| 
 []


Overfull \hbox (0.66821pt too wide) in paragraph at lines 832--832
[]|$\OMS/cmsy/m/n/10  $\OT1/cmr/m/n/10 0.152$[]$| 
 []


Overfull \hbox (0.66821pt too wide) in paragraph at lines 832--832
[]|$\OMS/cmsy/m/n/10  $\OT1/cmr/m/n/10 0.142$[]$| 
 []


Overfull \hbox (0.66821pt too wide) in paragraph at lines 832--832
[]|$\OMS/cmsy/m/n/10  $\OT1/cmr/m/n/10 0.139$[]$| 
 []


Overfull \hbox (0.66821pt too wide) in paragraph at lines 832--832
[]|$\OMS/cmsy/m/n/10  $\OT1/cmr/m/n/10 0.139$[]$| 
 []


Overfull \hbox (0.66821pt too wide) in paragraph at lines 832--832
[]|$\OMS/cmsy/m/n/10  $\OT1/cmr/m/n/10 0.120$[]$| 
 []


Overfull \hbox (0.66821pt too wide) in paragraph at lines 832--832
[]|$\OMS/cmsy/m/n/10  $\OT1/cmr/m/n/10 0.110$[]$| 
 []


Overfull \hbox (0.66821pt too wide) in paragraph at lines 832--832
[]|$\OMS/cmsy/m/n/10  $\OT1/cmr/m/n/10 0.044$[]$| 
 []


Overfull \hbox (0.66821pt too wide) in paragraph at lines 832--832
[]|$\OMS/cmsy/m/n/10  $\OT1/cmr/m/n/10 0.048$[]$| 
 []


Overfull \hbox (0.66821pt too wide) in paragraph at lines 832--832
[]|$\OMS/cmsy/m/n/10  $\OT1/cmr/m/n/10 0.044$[]$| 
 []


Overfull \hbox (0.66821pt too wide) in paragraph at lines 832--832
[]|$\OMS/cmsy/m/n/10  $\OT1/cmr/m/n/10 0.045$[]$| 
 []


Overfull \hbox (0.66821pt too wide) in paragraph at lines 832--832
[]|$\OMS/cmsy/m/n/10  $\OT1/cmr/m/n/10 0.026$[]$| 
 []


Overfull \hbox (0.66821pt too wide) in paragraph at lines 832--832
[]|$\OMS/cmsy/m/n/10  $\OT1/cmr/m/n/10 0.024$[]$| 
 []


Overfull \hbox (0.66821pt too wide) in paragraph at lines 832--832
[]|$\OMS/cmsy/m/n/10  $\OT1/cmr/m/n/10 0.024$[]$| 
 []


Overfull \hbox (0.66821pt too wide) in paragraph at lines 832--832
[]|$\OMS/cmsy/m/n/10  $\OT1/cmr/m/n/10 0.033$[]$| 
 []


Overfull \hbox (0.66821pt too wide) in paragraph at lines 832--832
[]|$\OMS/cmsy/m/n/10  $\OT1/cmr/m/n/10 0.028$[]$| 
 []


Overfull \hbox (0.66821pt too wide) in paragraph at lines 832--832
[]|$\OMS/cmsy/m/n/10  $\OT1/cmr/m/n/10 0.030$[]$| 
 []


Overfull \hbox (0.66821pt too wide) in paragraph at lines 832--832
[]|$\OMS/cmsy/m/n/10  $\OT1/cmr/m/n/10 0.032$[]$| 
 []


Overfull \hbox (0.66821pt too wide) in paragraph at lines 832--832
[]|$\OMS/cmsy/m/n/10  $\OT1/cmr/m/n/10 0.028$[]$| 
 []


Overfull \hbox (9.40433pt too wide) in paragraph at lines 957--957
[]|\OT1/cmr/m/n/10 MPID.BUY| 
 []


Overfull \hbox (12.18211pt too wide) in paragraph at lines 957--957
[]|\OT1/cmr/m/n/10 MPID.SELL| 
 []


Overfull \hbox (0.66821pt too wide) in paragraph at lines 957--957
[]|$\OMS/cmsy/m/n/10  $\OT1/cmr/m/n/10 0.136$[]$| 
 []


Overfull \hbox (0.66821pt too wide) in paragraph at lines 957--957
[]|$\OMS/cmsy/m/n/10  $\OT1/cmr/m/n/10 0.084$[]$| 
 []


Overfull \hbox (0.66821pt too wide) in paragraph at lines 957--957
[]|$\OMS/cmsy/m/n/10  $\OT1/cmr/m/n/10 0.084$[]$| 
 []


Overfull \hbox (0.66821pt too wide) in paragraph at lines 957--957
[]|$\OMS/cmsy/m/n/10  $\OT1/cmr/m/n/10 0.085$[]$| 
 []


Overfull \hbox (0.66821pt too wide) in paragraph at lines 957--957
[]|$\OMS/cmsy/m/n/10  $\OT1/cmr/m/n/10 0.077$[]$| 
 []


Overfull \hbox (0.66821pt too wide) in paragraph at lines 957--957
[]|$\OMS/cmsy/m/n/10  $\OT1/cmr/m/n/10 0.065$[]$| 
 []


Overfull \hbox (0.66821pt too wide) in paragraph at lines 957--957
[]|$\OMS/cmsy/m/n/10  $\OT1/cmr/m/n/10 0.056$[]$| 
 []


Overfull \hbox (0.66821pt too wide) in paragraph at lines 957--957
[]|$\OMS/cmsy/m/n/10  $\OT1/cmr/m/n/10 0.075$[]$| 
 []


Overfull \hbox (0.66821pt too wide) in paragraph at lines 957--957
[]|$\OMS/cmsy/m/n/10  $\OT1/cmr/m/n/10 0.073$[]$| 
 []


Overfull \hbox (0.66821pt too wide) in paragraph at lines 957--957
[]|$\OMS/cmsy/m/n/10  $\OT1/cmr/m/n/10 0.074$[]$| 
 []


Overfull \hbox (0.66821pt too wide) in paragraph at lines 957--957
[]|$\OMS/cmsy/m/n/10  $\OT1/cmr/m/n/10 0.034$[]$| 
 []


Overfull \hbox (0.66821pt too wide) in paragraph at lines 957--957
[]|$\OMS/cmsy/m/n/10  $\OT1/cmr/m/n/10 0.052$[]$| 
 []


Overfull \hbox (0.66821pt too wide) in paragraph at lines 957--957
[]|$\OMS/cmsy/m/n/10  $\OT1/cmr/m/n/10 0.049$[]$| 
 []


Overfull \hbox (0.66821pt too wide) in paragraph at lines 957--957
[]|$\OMS/cmsy/m/n/10  $\OT1/cmr/m/n/10 0.049$[]$| 
 []


Overfull \hbox (0.66821pt too wide) in paragraph at lines 957--957
[]|$\OMS/cmsy/m/n/10  $\OT1/cmr/m/n/10 0.047$[]$| 
 []


Overfull \hbox (0.66821pt too wide) in paragraph at lines 957--957
[]|$\OMS/cmsy/m/n/10  $\OT1/cmr/m/n/10 0.027$[]$| 
 []


Overfull \hbox (0.66821pt too wide) in paragraph at lines 957--957
[]|$\OMS/cmsy/m/n/10  $\OT1/cmr/m/n/10 0.047$[]$| 
 []


Overfull \hbox (0.66821pt too wide) in paragraph at lines 957--957
[]|$\OMS/cmsy/m/n/10  $\OT1/cmr/m/n/10 0.024$[]$| 
 []


Overfull \hbox (0.66821pt too wide) in paragraph at lines 957--957
[]|$\OMS/cmsy/m/n/10  $\OT1/cmr/m/n/10 0.016$[]$| 
 []


Overfull \hbox (0.66821pt too wide) in paragraph at lines 957--957
[]|$\OMS/cmsy/m/n/10  $\OT1/cmr/m/n/10 0.035$[]$| 
 []


LaTeX Warning: No positions in optional float specifier.
               Default added (so using `tbp') on input line 960.


Overfull \hbox (13.02403pt too wide) in paragraph at lines 964--1024
 [][] 
 []


LaTeX Warning: Float too large for page by 66.2631pt on input line 1024.


Overfull \hbox (3.92796pt too wide) in paragraph at lines 1094--1094
[]|\OT1/cmr/m/n/10 DEPTH.BUY| 
 []


Overfull \hbox (6.70575pt too wide) in paragraph at lines 1094--1094
[]|\OT1/cmr/m/n/10 DEPTH.SELL| 
 []


Overfull \hbox (1.84462pt too wide) in paragraph at lines 1094--1094
[]|\OT1/cmr/m/n/10 DEPTH.ALL| 
 []


LaTeX Warning: Float too large for page by 32.48955pt on input line 1095.


Overfull \hbox (3.92796pt too wide) in paragraph at lines 1164--1164
[]|\OT1/cmr/m/n/10 DEPTH.BUY| 
 []


Overfull \hbox (6.70575pt too wide) in paragraph at lines 1164--1164
[]|\OT1/cmr/m/n/10 DEPTH.SELL| 
 []


Overfull \hbox (1.84462pt too wide) in paragraph at lines 1164--1164
[]|\OT1/cmr/m/n/10 DEPTH.ALL| 
 []


LaTeX Warning: Float too large for page by 22.843pt on input line 1165.


("C:\Users\user\Dropbox\Projects\Trader Anonymity\Drafts\Draft_20170419\Draft_2
0170419.bbl"
Missing character: There is no â in font cmr10!
Missing character: There is no € in font cmr10!
Missing character: There is no œ in font cmr10!
Missing character: There is no â in font cmr10!
Missing character: There is no € in font cmr10!
Missing character: There is no  in font cmr10!
 [28

] [29] [30] [31] [32]
Missing character: There is no â in font cmr10!
Missing character: There is no € in font cmr10!
Missing character: There is no ™ in font cmr10!
Missing character: There is no Å in font cmr10!
Missing character: There is no † in font cmr10!
Missing character: There is no Å in font cmr10!
Missing character: There is no ¡ in font cmr10!
 [33])
LaTeX Font Info:    Try loading font information for OMS+cmr on input line 1175
.

("C:\Program Files (x86)\MiKTeX 2.9\tex\latex\base\omscmr.fd"
File: omscmr.fd 1999/05/25 v2.5h Standard LaTeX font definitions
)
LaTeX Font Info:    Font shape `OMS/cmr/m/n' in size <10> not available
(Font)              Font shape `OMS/cmsy/m/n' tried instead on input line 1175.

 [34]

LaTeX Warning: Reference `eq:relqspr_post' on page 35 undefined on input line 1
187.

[35] [36] [37] [38] [39]
Package atveryend Info: Empty hook `BeforeClearDocument' on input line 1308.
Package atveryend Info: Empty hook `AfterLastShipout' on input line 1308.

("C:\Users\user\Dropbox\Projects\Trader Anonymity\Drafts\Draft_20170419\Draft_2
0170419.aux")
Package atveryend Info: Executing hook `AtVeryEndDocument' on input line 1308.
Package atveryend Info: Executing hook `AtEndAfterFileList' on input line 1308.

Package rerunfilecheck Info: File `Draft_20170419.out' has not changed.
(rerunfilecheck)             Checksum: 2F6A47A943FDCDC5129EEAA5343E0D5B;877.


LaTeX Warning: There were undefined references.


LaTeX Warning: There were multiply-defined labels.

Package atveryend Info: Empty hook `AtVeryVeryEnd' on input line 1308.
 ) 
Here is how much of TeX's memory you used:
 20737 strings out of 493921
 410292 string characters out of 3144879
 648548 words of memory out of 3000000
 23477 multiletter control sequences out of 15000+200000
 13908 words of font info for 53 fonts, out of 3000000 for 9000
 841 hyphenation exceptions out of 8191
 55i,14n,75p,2723b,539s stack positions out of 5000i,500n,10000p,200000b,50000s
pdfTeX warning (dest): name{Hfootnote.18} has been referenced but does not ex
ist, replaced by a fixed one

pdfTeX warning (dest): name{Hfootnote.17} has been referenced but does not exis
t, replaced by a fixed one

pdfTeX warning (dest): name{Hfootnote.16} has been referenced but does not exis
t, replaced by a fixed one

pdfTeX warning (dest): name{Hfootnote.15} has been referenced but does not exis
t, replaced by a fixed one

pdfTeX warning (dest): name{Hfootnote.14} has been referenced but does not exis
t, replaced by a fixed one

pdfTeX warning (dest): name{Hfootnote.13} has been referenced but does not exis
t, replaced by a fixed one

pdfTeX warning (dest): name{Hfootnote.12} has been referenced but does not exis
t, replaced by a fixed one

pdfTeX warning (dest): name{Hfootnote.11} has been referenced but does not exis
t, replaced by a fixed one

pdfTeX warning (dest): name{Hfootnote.10} has been referenced but does not exis
t, replaced by a fixed one

pdfTeX warning (dest): name{Hfootnote.9} has been referenced but does not exist
, replaced by a fixed one

pdfTeX warning (dest): name{Hfootnote.8} has been referenced but does not exist
, replaced by a fixed one

pdfTeX warning (dest): name{Hfootnote.7} has been referenced but does not exist
, replaced by a fixed one

pdfTeX warning (dest): name{Hfootnote.6} has been referenced but does not exist
, replaced by a fixed one

pdfTeX warning (dest): name{Hfootnote.5} has been referenced but does not exist
, replaced by a fixed one

pdfTeX warning (dest): name{Hfootnote.4} has been referenced but does not exist
, replaced by a fixed one

pdfTeX warning (dest): name{Hfootnote.3} has been referenced but does not exist
, replaced by a fixed one

pdfTeX warning (dest): name{Hfootnote.2} has been referenced but does not exist
, replaced by a fixed one

pdfTeX warning (dest): name{Hfootnote.1} has been referenced but does not exist
, replaced by a fixed one

<C:/Program Files (x86)/MiKTeX 2.9/fonts/type1/public/amsfonts/cm/cmbx10.pfb><C
:/Program Files (x86)/MiKTeX 2.9/fonts/type1/public/amsfonts/cm/cmbx12.pfb><C:/
Program Files (x86)/MiKTeX 2.9/fonts/type1/public/amsfonts/cm/cmbx5.pfb><C:/Pro
gram Files (x86)/MiKTeX 2.9/fonts/type1/public/amsfonts/cm/cmbx9.pfb><C:/Progra
m Files (x86)/MiKTeX 2.9/fonts/type1/public/amsfonts/cm/cmex10.pfb><C:/Program 
Files (x86)/MiKTeX 2.9/fonts/type1/public/amsfonts/cm/cmmi10.pfb><C:/Program Fi
les (x86)/MiKTeX 2.9/fonts/type1/public/amsfonts/cm/cmmi5.pfb><C:/Program Files
 (x86)/MiKTeX 2.9/fonts/type1/public/amsfonts/cm/cmmi6.pfb><C:/Program Files (x
86)/MiKTeX 2.9/fonts/type1/public/amsfonts/cm/cmmi7.pfb><C:/Program Files (x86)
/MiKTeX 2.9/fonts/type1/public/amsfonts/cm/cmmi8.pfb><C:/Program Files (x86)/Mi
KTeX 2.9/fonts/type1/public/amsfonts/cm/cmr10.pfb><C:/Program Files (x86)/MiKTe
X 2.9/fonts/type1/public/amsfonts/cm/cmr12.pfb><C:/Program Files (x86)/MiKTeX 2
.9/fonts/type1/public/amsfonts/cm/cmr17.pfb><C:/Program Files (x86)/MiKTeX 2.9/
fonts/type1/public/amsfonts/cm/cmr5.pfb><C:/Program Files (x86)/MiKTeX 2.9/font
s/type1/public/amsfonts/cm/cmr6.pfb><C:/Program Files (x86)/MiKTeX 2.9/fonts/ty
pe1/public/amsfonts/cm/cmr7.pfb><C:/Program Files (x86)/MiKTeX 2.9/fonts/type1/
public/amsfonts/cm/cmr8.pfb><C:/Program Files (x86)/MiKTeX 2.9/fonts/type1/publ
ic/amsfonts/cm/cmr9.pfb><C:/Program Files (x86)/MiKTeX 2.9/fonts/type1/public/a
msfonts/cm/cmsy10.pfb><C:/Program Files (x86)/MiKTeX 2.9/fonts/type1/public/ams
fonts/cm/cmsy5.pfb><C:/Program Files (x86)/MiKTeX 2.9/fonts/type1/public/amsfon
ts/cm/cmsy6.pfb><C:/Program Files (x86)/MiKTeX 2.9/fonts/type1/public/amsfonts/
cm/cmsy7.pfb><C:/Program Files (x86)/MiKTeX 2.9/fonts/type1/public/amsfonts/cm/
cmsy8.pfb><C:/Program Files (x86)/MiKTeX 2.9/fonts/type1/public/amsfonts/cm/cmt
i10.pfb><C:/Program Files (x86)/MiKTeX 2.9/fonts/type1/public/amsfonts/cm/cmti8
.pfb><C:/Program Files (x86)/MiKTeX 2.9/fonts/type1/public/amsfonts/cm/cmtt8.pf
b><C:/Program Files (x86)/MiKTeX 2.9/fonts/type1/public/amsfonts/symbols/msbm10
.pfb>
Output written on Draft_20170419.pdf (39 pages, 814974 bytes).
PDF statistics:
 820 PDF objects out of 1000 (max. 8388607)
 134 named destinations out of 1000 (max. 500000)
 257 words of extra memory for PDF output out of 10000 (max. 10000000)

